Ente.obj : error LNK2019: símbolo externo não resolvido, "__declspec(dllimport) public: void __cdecl sf::Shape::setFillColor(class sf::Color const &)" (__imp_?setFillColor@Shape@sf@@QEAAXAEBVColor@2@@Z), referenciado na função "public: __cdecl Ente::Ente(void)" (??0Ente@@QEAA@XZ)
Ente.obj : error LNK2019: símbolo externo não resolvido, "__declspec(dllimport) public: __cdecl sf::RectangleShape::RectangleShape(class sf::Vector2<float> const &)" (__imp_??0RectangleShape@sf@@QEAA@AEBV?$Vector2@M@1@@Z), referenciado na função "public: __cdecl Ente::Ente(void)" (??0Ente@@QEAA@XZ)
Ente.obj : error LNK2019: símbolo externo não resolvido, "__declspec(dllimport) public: virtual __cdecl sf::RectangleShape::~RectangleShape(void)" (__imp_??1RectangleShape@sf@@UEAA@XZ), referenciado na função "int `public: __cdecl Ente::Ente(void)'::`1'::dtor$0" (?dtor$0@?0???0Ente@@QEAA@XZ@4HA)
Ente.obj : error LNK2019: símbolo externo não resolvido, "__declspec(dllimport) public: void __cdecl sf::RenderTarget::draw(class sf::Drawable const &,class sf::RenderStates const &)" (__imp_?draw@RenderTarget@sf@@QEAAXAEBVDrawable@2@AEBVRenderStates@2@@Z), referenciado na função "public: void __cdecl Ente::imprimir(void)" (?imprimir@Ente@@QEAAXXZ)
Jogador.obj : error LNK2001: símbolo externo não resolvido "__declspec(dllimport) public: void __cdecl sf::RenderTarget::draw(class sf::Drawable const &,class sf::RenderStates const &)" (__imp_?draw@RenderTarget@sf@@QEAAXAEBVDrawable@2@AEBVRenderStates@2@@Z)
Ente.obj : error LNK2019: símbolo externo não resolvido, "__declspec(dllimport) public: static class sf::RenderStates const sf::RenderStates::Default" (__imp_?Default@RenderStates@sf@@2V12@B), referenciado na função "public: void __cdecl Ente::imprimir(void)" (?imprimir@Ente@@QEAAXXZ)
Jogador.obj : error LNK2001: símbolo externo não resolvido "__declspec(dllimport) public: static class sf::RenderStates const sf::RenderStates::Default" (__imp_?Default@RenderStates@sf@@2V12@B)
Ente.obj : error LNK2019: símbolo externo não resolvido, "__declspec(dllimport) public: static class sf::Color const sf::Color::Cyan" (__imp_?Cyan@Color@sf@@2V12@B), referenciado na função "public: __cdecl Ente::Ente(void)" (??0Ente@@QEAA@XZ)
Jogador.obj : error LNK2019: símbolo externo não resolvido, "__declspec(dllimport) public: void __cdecl sf::Transformable::move(class sf::Vector2<float> const &)" (__imp_?move@Transformable@sf@@QEAAXAEBV?$Vector2@M@2@@Z), referenciado na função "public: virtual void __cdecl Jogador::mover(void)" (?mover@Jogador@@UEAAXXZ)
Personagem.obj : error LNK2019: símbolo externo não resolvido, "__declspec(dllimport) public: void __cdecl sf::RectangleShape::setSize(class sf::Vector2<float> const &)" (__imp_?setSize@RectangleShape@sf@@QEAAXAEBV?$Vector2@M@2@@Z), referenciado na função "public: __cdecl Personagem::Personagem(void)" (??0Personagem@@QEAA@XZ)
Principal.obj : error LNK2019: símbolo externo não resolvido, "__declspec(dllimport) public: __cdecl sf::String::String(char const *,class std::locale const &)" (__imp_??0String@sf@@QEAA@PEBDAEBVlocale@std@@@Z), referenciado na função "public: __cdecl Principal::Principal(void)" (??0Principal@@QEAA@XZ)
Principal.obj : error LNK2019: símbolo externo não resolvido, "__declspec(dllimport) public: __cdecl sf::String::~String(void)" (__imp_??1String@sf@@QEAA@XZ), referenciado na função "public: __cdecl Principal::Principal(void)" (??0Principal@@QEAA@XZ)
Principal.obj : error LNK2019: símbolo externo não resolvido, "__declspec(dllimport) public: __cdecl sf::VideoMode::VideoMode(unsigned int,unsigned int,unsigned int)" (__imp_??0VideoMode@sf@@QEAA@III@Z), referenciado na função "public: __cdecl Principal::Principal(void)" (??0Principal@@QEAA@XZ)
Principal.obj : error LNK2019: símbolo externo não resolvido, "__declspec(dllimport) public: void __cdecl sf::Window::close(void)" (__imp_?close@Window@sf@@QEAAXXZ), referenciado na função "public: void __cdecl Principal::executar(void)" (?executar@Principal@@QEAAXXZ)
Principal.obj : error LNK2019: símbolo externo não resolvido, "__declspec(dllimport) public: bool __cdecl sf::Window::isOpen(void)const " (__imp_?isOpen@Window@sf@@QEBA_NXZ), referenciado na função "public: void __cdecl Principal::executar(void)" (?executar@Principal@@QEAAXXZ)
Principal.obj : error LNK2019: símbolo externo não resolvido, "__declspec(dllimport) public: bool __cdecl sf::Window::pollEvent(class sf::Event &)" (__imp_?pollEvent@Window@sf@@QEAA_NAEAVEvent@2@@Z), referenciado na função "public: void __cdecl Principal::executar(void)" (?executar@Principal@@QEAAXXZ)
Principal.obj : error LNK2019: símbolo externo não resolvido, "__declspec(dllimport) public: __cdecl sf::Color::Color(unsigned char,unsigned char,unsigned char,unsigned char)" (__imp_??0Color@sf@@QEAA@EEEE@Z), referenciado na função "public: void __cdecl Principal::executar(void)" (?executar@Principal@@QEAAXXZ)
Principal.obj : error LNK2019: símbolo externo não resolvido, "__declspec(dllimport) public: void __cdecl sf::RenderTarget::clear(class sf::Color const &)" (__imp_?clear@RenderTarget@sf@@QEAAXAEBVColor@2@@Z), referenciado na função "public: void __cdecl Principal::executar(void)" (?executar@Principal@@QEAAXXZ)
Principal.obj : error LNK2019: símbolo externo não resolvido, "__declspec(dllimport) public: __cdecl sf::RenderWindow::RenderWindow(class sf::VideoMode,class sf::String const &,unsigned int,struct sf::ContextSettings const &)" (__imp_??0RenderWindow@sf@@QEAA@VVideoMode@1@AEBVString@1@IAEBUContextSettings@1@@Z), referenciado na função "public: __cdecl Principal::Principal(void)" (??0Principal@@QEAA@XZ)
Principal.obj : error LNK2019: símbolo externo não resolvido, "__declspec(dllimport) public: virtual __cdecl sf::RenderWindow::~RenderWindow(void)" (__imp_??1RenderWindow@sf@@UEAA@XZ), referenciado na função "int `public: __cdecl Principal::Principal(void)'::`1'::dtor$2" (?dtor$2@?0???0Principal@@QEAA@XZ@4HA)
C:\Users\rbben\Documents\Faculdade\2022-2\Tecnicas\Jogo_Trabalho\SFML\lib\sfml-graphics-d.lib : warning LNK4272: o tipo de máquina da biblioteca 'x86' está em conflito com o tipo de máquina de destino 'x64'
C:\Users\rbben\Documents\Faculdade\2022-2\Tecnicas\Jogo_Trabalho\SFML\lib\sfml-window-d.lib : warning LNK4272: o tipo de máquina da biblioteca 'x86' está em conflito com o tipo de máquina de destino 'x64'
C:\Users\rbben\Documents\Faculdade\2022-2\Tecnicas\Jogo_Trabalho\SFML\lib\sfml-audio-d.lib : warning LNK4272: o tipo de máquina da biblioteca 'x86' está em conflito com o tipo de máquina de destino 'x64'
C:\Users\rbben\Documents\Faculdade\2022-2\Tecnicas\Jogo_Trabalho\SFML\lib\sfml-network-d.lib : warning LNK4272: o tipo de máquina da biblioteca 'x86' está em conflito com o tipo de máquina de destino 'x64'
C:\Users\rbben\Documents\Faculdade\2022-2\Tecnicas\Jogo_Trabalho\SFML\lib\sfml-system-d.lib : warning LNK4272: o tipo de máquina da biblioteca 'x86' está em conflito com o tipo de máquina de destino 'x64'
C:\Users\rbben\Documents\Faculdade\2022-2\Tecnicas\Jogo_Trabalho\Jogo_Trabalho\x64\Debug\Jogo_Trabalho.exe : fatal error LNK1120: 18 externo não resolvidos
